app/build/intermediates/manifest_merge_blame_file/debug/manifest-merger-blame-debug-report.txt
1<?xml version="1.0" encoding="utf-8"?>
2<manifest xmlns:android="http://schemas.android.com/apk/res/android"
3    package="com.example.mdpsmartmarket"
4    android:versionCode="1"
5    android:versionName="1.0" >
6
7    <uses-sdk
8        android:minSdkVersion="16"
8-->src\main\AndroidManifest.xml
9        android:targetSdkVersion="29" />
9-->src\main\AndroidManifest.xml
10
11    <!-- Although the *SdkVersion is captured in gradle build files, this is required for non gradle builds -->
12    <!-- <uses-sdk android:minSdkVersion="14"/> -->
13    <uses-permission android:name="android.permission.ACCESS_NETWORK_STATE" />
13-->[com.google.firebase:firebase-storage:19.1.0] AndroidManifest.xml:26:5-79
13-->[com.google.firebase:firebase-storage:19.1.0] AndroidManifest.xml:26:22-76
14    <uses-permission android:name="android.permission.INTERNET" />
14-->[com.google.firebase:firebase-storage:19.1.0] AndroidManifest.xml:27:5-67
14-->[com.google.firebase:firebase-storage:19.1.0] AndroidManifest.xml:27:22-64
15    <uses-permission android:name="android.permission.CAMERA" /> <!-- Don't require camera, as this requires a rear camera. This allows it to work on the Nexus 7 -->
15-->[com.journeyapps:zxing-android-embedded:3.4.0] AndroidManifest.xml:21:5-65
15-->[com.journeyapps:zxing-android-embedded:3.4.0] AndroidManifest.xml:21:22-62
16    <uses-feature
16-->[com.journeyapps:zxing-android-embedded:3.4.0] AndroidManifest.xml:24:5-26:36
17        android:name="android.hardware.camera"
17-->[com.journeyapps:zxing-android-embedded:3.4.0] AndroidManifest.xml:25:9-47
18        android:required="false" />
18-->[com.journeyapps:zxing-android-embedded:3.4.0] AndroidManifest.xml:26:9-33
19    <uses-feature
19-->[com.journeyapps:zxing-android-embedded:3.4.0] AndroidManifest.xml:27:5-29:36
20        android:name="android.hardware.camera.front"
20-->[com.journeyapps:zxing-android-embedded:3.4.0] AndroidManifest.xml:28:9-53
21        android:required="false" /> <!-- TODO replace above two with next line after Android 4.2 -->
21-->[com.journeyapps:zxing-android-embedded:3.4.0] AndroidManifest.xml:29:9-33
22    <!-- <uses-feature android:name="android.hardware.camera.any"/> -->
23    <uses-feature
23-->[com.journeyapps:zxing-android-embedded:3.4.0] AndroidManifest.xml:32:5-34:36
24        android:name="android.hardware.camera.autofocus"
24-->[com.journeyapps:zxing-android-embedded:3.4.0] AndroidManifest.xml:33:9-57
25        android:required="false" />
25-->[com.journeyapps:zxing-android-embedded:3.4.0] AndroidManifest.xml:34:9-33
26    <uses-feature
26-->[com.journeyapps:zxing-android-embedded:3.4.0] AndroidManifest.xml:35:5-37:36
27        android:name="android.hardware.camera.flash"
27-->[com.journeyapps:zxing-android-embedded:3.4.0] AndroidManifest.xml:36:9-53
28        android:required="false" />
28-->[com.journeyapps:zxing-android-embedded:3.4.0] AndroidManifest.xml:37:9-33
29    <uses-feature
29-->[com.journeyapps:zxing-android-embedded:3.4.0] AndroidManifest.xml:38:5-40:36
30        android:name="android.hardware.screen.landscape"
30-->[com.journeyapps:zxing-android-embedded:3.4.0] AndroidManifest.xml:39:9-57
31        android:required="false" />
31-->[com.journeyapps:zxing-android-embedded:3.4.0] AndroidManifest.xml:40:9-33
32    <uses-feature
32-->[com.journeyapps:zxing-android-embedded:3.4.0] AndroidManifest.xml:41:5-43:36
33        android:name="android.hardware.wifi"
33-->[com.journeyapps:zxing-android-embedded:3.4.0] AndroidManifest.xml:42:9-45
34        android:required="false" />
34-->[com.journeyapps:zxing-android-embedded:3.4.0] AndroidManifest.xml:43:9-33
35
36    <uses-permission android:name="android.permission.WRITE_EXTERNAL_STORAGE" />
36-->[androidmads.library.qrgenearator:QRGenearator:1.0.3] AndroidManifest.xml:11:5-81
36-->[androidmads.library.qrgenearator:QRGenearator:1.0.3] AndroidManifest.xml:11:22-78
37    <uses-permission android:name="android.permission.READ_EXTERNAL_STORAGE" />
38    <uses-permission android:name="android.permission.WAKE_LOCK" /> <!-- Required by older versions of Google Play services to create IID tokens -->
38-->[com.google.android.gms:play-services-measurement-api:17.2.0] AndroidManifest.xml:24:5-68
38-->[com.google.android.gms:play-services-measurement-api:17.2.0] AndroidManifest.xml:24:22-65
39    <uses-permission android:name="com.google.android.c2dm.permission.RECEIVE" />
39-->[com.google.firebase:firebase-iid:19.0.0] AndroidManifest.xml:26:5-82
39-->[com.google.firebase:firebase-iid:19.0.0] AndroidManifest.xml:26:22-79
40    <uses-permission android:name="com.google.android.finsky.permission.BIND_GET_INSTALL_REFERRER_SERVICE" />
40-->[com.google.android.gms:play-services-measurement:17.2.0] AndroidManifest.xml:26:5-110
40-->[com.google.android.gms:play-services-measurement:17.2.0] AndroidManifest.xml:26:22-107
41
42    <application
42-->src\main\AndroidManifest.xml:5:5-42:19
43        android:allowBackup="true"
43-->src\main\AndroidManifest.xml:6:9-35
44        android:appComponentFactory="androidx.core.app.CoreComponentFactory"
44-->[androidx.core:core:1.1.0] AndroidManifest.xml:24:18-86
45        android:debuggable="true"
46        android:icon="@mipmap/ic_launcher"
46-->src\main\AndroidManifest.xml:7:9-43
47        android:label="scan &amp; go"
47-->src\main\AndroidManifest.xml:8:9-38
48        android:roundIcon="@mipmap/ic_launcher_round"
48-->src\main\AndroidManifest.xml:9:9-54
49        android:supportsRtl="true"
49-->src\main\AndroidManifest.xml:10:9-35
50        android:theme="@style/AppTheme" >
50-->src\main\AndroidManifest.xml:11:9-40
51        <activity android:name="com.example.mdpsmartmarket.Activities.EditUsersPageActivity" />
51-->src\main\AndroidManifest.xml:12:9-79
51-->src\main\AndroidManifest.xml:12:19-67
52        <activity android:name="com.example.mdpsmartmarket.Activities.EditProductsPageActivity" />
52-->src\main\AndroidManifest.xml:13:9-73
52-->src\main\AndroidManifest.xml:13:19-70
53        <activity android:name="com.example.mdpsmartmarket.Activities.StaffHomePageActivity" />
53-->src\main\AndroidManifest.xml:14:9-70
53-->src\main\AndroidManifest.xml:14:19-67
54        <activity android:name="com.example.mdpsmartmarket.Activities.ProceedToPaymentActivity" />
54-->src\main\AndroidManifest.xml:15:9-73
54-->src\main\AndroidManifest.xml:15:19-70
55        <activity android:name="com.example.mdpsmartmarket.Activities.Add_EditUsersPageActivity" />
55-->src\main\AndroidManifest.xml:16:9-74
55-->src\main\AndroidManifest.xml:16:19-71
56        <activity android:name="com.example.mdpsmartmarket.Activities.ManageUsersActivity" />
56-->src\main\AndroidManifest.xml:17:9-68
56-->src\main\AndroidManifest.xml:17:19-65
57        <activity android:name="com.example.mdpsmartmarket.Activities.ReceiverPaymentPageActivity" />
57-->src\main\AndroidManifest.xml:18:9-76
57-->src\main\AndroidManifest.xml:18:19-73
58        <activity android:name="com.example.mdpsmartmarket.Activities.AcceptPaymentPageActivity" />
58-->src\main\AndroidManifest.xml:19:9-74
58-->src\main\AndroidManifest.xml:19:19-71
59        <activity android:name="com.example.mdpsmartmarket.Activities.ViewItemsToRefundActivity" />
59-->src\main\AndroidManifest.xml:20:9-74
59-->src\main\AndroidManifest.xml:20:19-71
60        <activity android:name="com.example.mdpsmartmarket.Activities.RefundProductsPageActivity" />
60-->src\main\AndroidManifest.xml:21:9-75
60-->src\main\AndroidManifest.xml:21:19-72
61        <activity android:name="com.example.mdpsmartmarket.Activities.AddProductsPageActivity" />
61-->src\main\AndroidManifest.xml:22:9-72
61-->src\main\AndroidManifest.xml:22:19-69
62        <activity android:name="com.example.mdpsmartmarket.Activities.ManageProductsPageActivity" />
62-->src\main\AndroidManifest.xml:23:9-75
62-->src\main\AndroidManifest.xml:23:19-72
63        <activity android:name="com.example.mdpsmartmarket.Activities.PaymentPageActivity" />
63-->src\main\AndroidManifest.xml:24:9-68
63-->src\main\AndroidManifest.xml:24:19-65
64        <activity android:name="com.example.mdpsmartmarket.Activities.StartShoppingPageActivity" />
64-->src\main\AndroidManifest.xml:25:9-74
64-->src\main\AndroidManifest.xml:25:19-71
65        <activity android:name="com.example.mdpsmartmarket.Activities.EditProfileActivity" />
65-->src\main\AndroidManifest.xml:26:9-68
65-->src\main\AndroidManifest.xml:26:19-65
66        <activity android:name="com.example.mdpsmartmarket.Activities.HistoryPageActivity" />
66-->src\main\AndroidManifest.xml:27:9-68
66-->src\main\AndroidManifest.xml:27:19-65
67        <activity android:name="com.example.mdpsmartmarket.Activities.SignUpPageActivity" />
67-->src\main\AndroidManifest.xml:28:9-67
67-->src\main\AndroidManifest.xml:28:19-64
68        <activity android:name="com.example.mdpsmartmarket.Activities.HomePageActivity" />
68-->src\main\AndroidManifest.xml:29:9-65
68-->src\main\AndroidManifest.xml:29:19-62
69        <activity android:name="com.example.mdpsmartmarket.Activities.WelcomePageActivity" >
69-->src\main\AndroidManifest.xml:30:9-36:20
69-->src\main\AndroidManifest.xml:30:19-65
70            <intent-filter>
70-->src\main\AndroidManifest.xml:31:13-35:29
71                <action android:name="android.intent.action.MAIN" />
71-->src\main\AndroidManifest.xml:32:17-69
71-->src\main\AndroidManifest.xml:32:25-66
72
73                <category android:name="android.intent.category.LAUNCHER" />
73-->src\main\AndroidManifest.xml:34:17-77
73-->src\main\AndroidManifest.xml:34:27-74
74            </intent-filter>
75        </activity>
76        <activity
76-->src\main\AndroidManifest.xml:37:9-41:63
77            android:name="com.example.mdpsmartmarket.Portrait"
77-->src\main\AndroidManifest.xml:38:13-37
78            android:screenOrientation="fullSensor"
78-->src\main\AndroidManifest.xml:39:13-51
79            android:stateNotNeeded="true"
79-->src\main\AndroidManifest.xml:40:13-42
80            android:windowSoftInputMode="stateAlwaysHidden" />
80-->src\main\AndroidManifest.xml:41:13-60
81
82        <service
82-->[com.google.firebase:firebase-storage:19.1.0] AndroidManifest.xml:30:9-36:19
83            android:name="com.google.firebase.components.ComponentDiscoveryService"
83-->[com.google.firebase:firebase-storage:19.1.0] AndroidManifest.xml:31:13-84
84            android:directBootAware="true"
84-->[com.google.firebase:firebase-common:19.2.0] AndroidManifest.xml:15:13-43
85            android:exported="false" >
85-->[com.google.firebase:firebase-storage:19.1.0] AndroidManifest.xml:32:13-37
86            <meta-data
86-->[com.google.firebase:firebase-storage:19.1.0] AndroidManifest.xml:33:13-35:85
87                android:name="com.google.firebase.components:com.google.firebase.storage.StorageRegistrar"
87-->[com.google.firebase:firebase-storage:19.1.0] AndroidManifest.xml:34:17-107
88                android:value="com.google.firebase.components.ComponentRegistrar" />
88-->[com.google.firebase:firebase-storage:19.1.0] AndroidManifest.xml:35:17-82
89            <meta-data
89-->[com.google.firebase:firebase-auth:19.1.0] AndroidManifest.xml:36:13-38:85
90                android:name="com.google.firebase.components:com.google.firebase.auth.FirebaseAuthRegistrar"
90-->[com.google.firebase:firebase-auth:19.1.0] AndroidManifest.xml:37:17-109
91                android:value="com.google.firebase.components.ComponentRegistrar" />
91-->[com.google.firebase:firebase-auth:19.1.0] AndroidManifest.xml:38:17-82
92            <meta-data
92-->[com.google.firebase:firebase-database:19.2.0] AndroidManifest.xml:32:13-34:85
93                android:name="com.google.firebase.components:com.google.firebase.database.DatabaseRegistrar"
93-->[com.google.firebase:firebase-database:19.2.0] AndroidManifest.xml:33:17-109
94                android:value="com.google.firebase.components.ComponentRegistrar" />
94-->[com.google.firebase:firebase-database:19.2.0] AndroidManifest.xml:34:17-82
95            <meta-data
95-->[com.google.android.gms:play-services-measurement-api:17.2.0] AndroidManifest.xml:30:13-32:85
96                android:name="com.google.firebase.components:com.google.firebase.analytics.connector.internal.AnalyticsConnectorRegistrar"
96-->[com.google.android.gms:play-services-measurement-api:17.2.0] AndroidManifest.xml:31:17-139
97                android:value="com.google.firebase.components.ComponentRegistrar" />
97-->[com.google.android.gms:play-services-measurement-api:17.2.0] AndroidManifest.xml:32:17-82
98            <meta-data
98-->[com.google.firebase:firebase-iid:19.0.0] AndroidManifest.xml:32:13-34:85
99                android:name="com.google.firebase.components:com.google.firebase.iid.Registrar"
99-->[com.google.firebase:firebase-iid:19.0.0] AndroidManifest.xml:33:17-96
100                android:value="com.google.firebase.components.ComponentRegistrar" />
100-->[com.google.firebase:firebase-iid:19.0.0] AndroidManifest.xml:34:17-82
101        </service>
102
103        <activity
103-->[com.journeyapps:zxing-android-embedded:3.4.0] AndroidManifest.xml:46:9-52:63
104            android:name="com.journeyapps.barcodescanner.CaptureActivity"
104-->[com.journeyapps:zxing-android-embedded:3.4.0] AndroidManifest.xml:47:13-74
105            android:clearTaskOnLaunch="true"
105-->[com.journeyapps:zxing-android-embedded:3.4.0] AndroidManifest.xml:48:13-45
106            android:screenOrientation="sensorLandscape"
106-->[com.journeyapps:zxing-android-embedded:3.4.0] AndroidManifest.xml:49:13-56
107            android:stateNotNeeded="true"
107-->[com.journeyapps:zxing-android-embedded:3.4.0] AndroidManifest.xml:50:13-42
108            android:theme="@style/zxing_CaptureTheme"
108-->[com.journeyapps:zxing-android-embedded:3.4.0] AndroidManifest.xml:51:13-54
109            android:windowSoftInputMode="stateAlwaysHidden" />
109-->[com.journeyapps:zxing-android-embedded:3.4.0] AndroidManifest.xml:52:13-60
110        <activity
110-->[com.google.firebase:firebase-auth:19.1.0] AndroidManifest.xml:24:9-31:50
111            android:name="com.google.firebase.auth.internal.FederatedSignInActivity"
111-->[com.google.firebase:firebase-auth:19.1.0] AndroidManifest.xml:25:13-85
112            android:excludeFromRecents="true"
112-->[com.google.firebase:firebase-auth:19.1.0] AndroidManifest.xml:26:13-46
113            android:exported="true"
113-->[com.google.firebase:firebase-auth:19.1.0] AndroidManifest.xml:27:13-36
114            android:launchMode="singleTask"
114-->[com.google.firebase:firebase-auth:19.1.0] AndroidManifest.xml:28:13-44
115            android:permission="com.google.firebase.auth.api.gms.permission.LAUNCH_FEDERATED_SIGN_IN"
115-->[com.google.firebase:firebase-auth:19.1.0] AndroidManifest.xml:29:13-102
116            android:theme="@android:style/Theme.Translucent.NoTitleBar" />
116-->[com.google.firebase:firebase-auth:19.1.0] AndroidManifest.xml:30:13-72
117
118        <provider
118-->[com.squareup.picasso:picasso:2.71828] AndroidManifest.xml:8:9-11:40
119            android:name="com.squareup.picasso.PicassoProvider"
119-->[com.squareup.picasso:picasso:2.71828] AndroidManifest.xml:9:13-64
120            android:authorities="com.example.mdpsmartmarket.com.squareup.picasso"
120-->[com.squareup.picasso:picasso:2.71828] AndroidManifest.xml:10:13-72
121            android:exported="false" />
121-->[com.squareup.picasso:picasso:2.71828] AndroidManifest.xml:11:13-37
122
123        <receiver
123-->[com.google.firebase:firebase-iid:19.0.0] AndroidManifest.xml:37:9-44:20
124            android:name="com.google.firebase.iid.FirebaseInstanceIdReceiver"
124-->[com.google.firebase:firebase-iid:19.0.0] AndroidManifest.xml:38:13-78
125            android:exported="true"
125-->[com.google.firebase:firebase-iid:19.0.0] AndroidManifest.xml:39:13-36
126            android:permission="com.google.android.c2dm.permission.SEND" >
126-->[com.google.firebase:firebase-iid:19.0.0] AndroidManifest.xml:40:13-73
127            <intent-filter>
127-->[com.google.firebase:firebase-iid:19.0.0] AndroidManifest.xml:41:13-43:29
128                <action android:name="com.google.android.c2dm.intent.RECEIVE" />
128-->[com.google.firebase:firebase-iid:19.0.0] AndroidManifest.xml:42:17-81
128-->[com.google.firebase:firebase-iid:19.0.0] AndroidManifest.xml:42:25-78
129            </intent-filter>
130        </receiver>
131
132        <activity
132-->[com.google.android.gms:play-services-base:17.1.0] AndroidManifest.xml:23:9-26:75
133            android:name="com.google.android.gms.common.api.GoogleApiActivity"
133-->[com.google.android.gms:play-services-base:17.1.0] AndroidManifest.xml:24:13-79
134            android:exported="false"
134-->[com.google.android.gms:play-services-base:17.1.0] AndroidManifest.xml:25:13-37
135            android:theme="@android:style/Theme.Translucent.NoTitleBar" />
135-->[com.google.android.gms:play-services-base:17.1.0] AndroidManifest.xml:26:13-72
136
137        <receiver
137-->[com.google.android.gms:play-services-measurement:17.2.0] AndroidManifest.xml:29:9-33:20
138            android:name="com.google.android.gms.measurement.AppMeasurementReceiver"
138-->[com.google.android.gms:play-services-measurement:17.2.0] AndroidManifest.xml:30:13-85
139            android:enabled="true"
139-->[com.google.android.gms:play-services-measurement:17.2.0] AndroidManifest.xml:31:13-35
140            android:exported="false" >
140-->[com.google.android.gms:play-services-measurement:17.2.0] AndroidManifest.xml:32:13-37
141        </receiver>
142        <receiver
142-->[com.google.android.gms:play-services-measurement:17.2.0] AndroidManifest.xml:34:9-42:20
143            android:name="com.google.android.gms.measurement.AppMeasurementInstallReferrerReceiver"
143-->[com.google.android.gms:play-services-measurement:17.2.0] AndroidManifest.xml:35:13-100
144            android:enabled="true"
144-->[com.google.android.gms:play-services-measurement:17.2.0] AndroidManifest.xml:36:13-35
145            android:exported="true"
145-->[com.google.android.gms:play-services-measurement:17.2.0] AndroidManifest.xml:37:13-36
146            android:permission="android.permission.INSTALL_PACKAGES" >
146-->[com.google.android.gms:play-services-measurement:17.2.0] AndroidManifest.xml:38:13-69
147            <intent-filter>
147-->[com.google.android.gms:play-services-measurement:17.2.0] AndroidManifest.xml:39:13-41:29
148                <action android:name="com.android.vending.INSTALL_REFERRER" />
148-->[com.google.android.gms:play-services-measurement:17.2.0] AndroidManifest.xml:40:17-79
148-->[com.google.android.gms:play-services-measurement:17.2.0] AndroidManifest.xml:40:25-76
149            </intent-filter>
150        </receiver>
151
152        <service
152-->[com.google.android.gms:play-services-measurement:17.2.0] AndroidManifest.xml:44:9-47:40
153            android:name="com.google.android.gms.measurement.AppMeasurementService"
153-->[com.google.android.gms:play-services-measurement:17.2.0] AndroidManifest.xml:45:13-84
154            android:enabled="true"
154-->[com.google.android.gms:play-services-measurement:17.2.0] AndroidManifest.xml:46:13-35
155            android:exported="false" />
155-->[com.google.android.gms:play-services-measurement:17.2.0] AndroidManifest.xml:47:13-37
156        <service
156-->[com.google.android.gms:play-services-measurement:17.2.0] AndroidManifest.xml:48:9-52:72
157            android:name="com.google.android.gms.measurement.AppMeasurementJobService"
157-->[com.google.android.gms:play-services-measurement:17.2.0] AndroidManifest.xml:49:13-87
158            android:enabled="true"
158-->[com.google.android.gms:play-services-measurement:17.2.0] AndroidManifest.xml:50:13-35
159            android:exported="false"
159-->[com.google.android.gms:play-services-measurement:17.2.0] AndroidManifest.xml:51:13-37
160            android:permission="android.permission.BIND_JOB_SERVICE" />
160-->[com.google.android.gms:play-services-measurement:17.2.0] AndroidManifest.xml:52:13-69
161
162        <provider
162-->[com.google.firebase:firebase-common:19.2.0] AndroidManifest.xml:19:9-23:39
163            android:name="com.google.firebase.provider.FirebaseInitProvider"
163-->[com.google.firebase:firebase-common:19.2.0] AndroidManifest.xml:20:13-77
164            android:authorities="com.example.mdpsmartmarket.firebaseinitprovider"
164-->[com.google.firebase:firebase-common:19.2.0] AndroidManifest.xml:21:13-72
165            android:exported="false"
165-->[com.google.firebase:firebase-common:19.2.0] AndroidManifest.xml:22:13-37
166            android:initOrder="100" />
166-->[com.google.firebase:firebase-common:19.2.0] AndroidManifest.xml:23:13-36
167
168        <meta-data
168-->[com.google.android.gms:play-services-basement:17.0.0] AndroidManifest.xml:23:9-25:69
169            android:name="com.google.android.gms.version"
169-->[com.google.android.gms:play-services-basement:17.0.0] AndroidManifest.xml:24:13-58
170            android:value="@integer/google_play_services_version" />
170-->[com.google.android.gms:play-services-basement:17.0.0] AndroidManifest.xml:25:13-66
171
172        <provider
172-->[androidx.lifecycle:lifecycle-process:2.1.0] AndroidManifest.xml:23:9-27:43
173            android:name="androidx.lifecycle.ProcessLifecycleOwnerInitializer"
173-->[androidx.lifecycle:lifecycle-process:2.1.0] AndroidManifest.xml:24:13-79
174            android:authorities="com.example.mdpsmartmarket.lifecycle-process"
174-->[androidx.lifecycle:lifecycle-process:2.1.0] AndroidManifest.xml:25:13-69
175            android:exported="false"
175-->[androidx.lifecycle:lifecycle-process:2.1.0] AndroidManifest.xml:26:13-37
176            android:multiprocess="true" />
176-->[androidx.lifecycle:lifecycle-process:2.1.0] AndroidManifest.xml:27:13-40
177    </application>
178
179</manifest>